<?xml version="1.0" encoding="UTF-8"?>
<!-- Generated by org.testng.reporters.JUnitReportReporter -->
<testsuite hostname="dibya56-virtual-machine" failures="0" tests="2" name="tests.LoginTest" time="32.305" errors="0" timestamp="2021-05-15T18:30:05 IST" skipped="1">
  <testcase classname="tests.LoginTest" name="loginTestMethod" time="14.088">
    <skipped/>
  </testcase> <!-- loginTestMethod -->
  <system-out/>
  <testcase classname="tests.LoginTest" name="loginTestMethod" time="18.217"/>
  <system-out/>
</testsuite> <!-- tests.LoginTest -->
