<?xml version="1.0" encoding="UTF-8"?>
<!-- Generated by org.testng.reporters.JUnitReportReporter -->
<testsuite hostname="dibya56-virtual-machine" failures="0" tests="1" name="tests.LoginTest" time="2.868" errors="0" timestamp="2021-05-16T19:02:58 IST" skipped="0">
  <testcase classname="tests.LoginTest" name="loginTestMethod" time="2.868"/>
  <system-out/>
</testsuite> <!-- tests.LoginTest -->
